{"C:\\Users\\KIIT\\Desktop\\Assignment2\\backend\\models\\Expense.js": {"path":"C:\\Users\\KIIT\\Desktop\\Assignment2\\backend\\models\\Expense.js","statementMap":{"0":{"start":{"line":1,"column":17},"end":{"line":1,"column":36}},"1":{"start":{"line":3,"column":22},"end":{"line":8,"column":24}},"2":{"start":{"line":10,"column":0},"end":{"line":10,"column":58}}},"fnMap":{},"branchMap":{},"s":{"0":3,"1":3,"2":3},"f":{},"b":{},"_coverageSchema":"1a1c01bbd47fc00a2c39e90264f33305004495a9","hash":"a1efc44d4699743403e90f6f31ea4f8ab719271e"}
,"C:\\Users\\KIIT\\Desktop\\Assignment2\\backend\\routes\\expenseRoutes.js": {"path":"C:\\Users\\KIIT\\Desktop\\Assignment2\\backend\\routes\\expenseRoutes.js","statementMap":{"0":{"start":{"line":1,"column":16},"end":{"line":1,"column":34}},"1":{"start":{"line":2,"column":15},"end":{"line":2,"column":31}},"2":{"start":{"line":3,"column":16},"end":{"line":3,"column":44}},"3":{"start":{"line":6,"column":0},"end":{"line":9,"column":3}},"4":{"start":{"line":7,"column":18},"end":{"line":7,"column":48}},"5":{"start":{"line":8,"column":2},"end":{"line":8,"column":32}},"6":{"start":{"line":12,"column":0},"end":{"line":23,"column":3}},"7":{"start":{"line":13,"column":43},"end":{"line":13,"column":52}},"8":{"start":{"line":14,"column":15},"end":{"line":14,"column":17}},"9":{"start":{"line":15,"column":2},"end":{"line":15,"column":43}},"10":{"start":{"line":15,"column":16},"end":{"line":15,"column":43}},"11":{"start":{"line":16,"column":2},"end":{"line":20,"column":3}},"12":{"start":{"line":17,"column":4},"end":{"line":17,"column":21}},"13":{"start":{"line":18,"column":4},"end":{"line":18,"column":58}},"14":{"start":{"line":18,"column":19},"end":{"line":18,"column":58}},"15":{"start":{"line":19,"column":4},"end":{"line":19,"column":54}},"16":{"start":{"line":19,"column":17},"end":{"line":19,"column":54}},"17":{"start":{"line":21,"column":19},"end":{"line":21,"column":45}},"18":{"start":{"line":22,"column":2},"end":{"line":22,"column":21}},"19":{"start":{"line":26,"column":0},"end":{"line":29,"column":3}},"20":{"start":{"line":27,"column":2},"end":{"line":27,"column":49}},"21":{"start":{"line":28,"column":2},"end":{"line":28,"column":22}},"22":{"start":{"line":31,"column":0},"end":{"line":31,"column":24}}},"fnMap":{"0":{"name":"(anonymous_0)","decl":{"start":{"line":6,"column":17},"end":{"line":6,"column":18}},"loc":{"start":{"line":6,"column":37},"end":{"line":9,"column":1}},"line":6},"1":{"name":"(anonymous_1)","decl":{"start":{"line":12,"column":16},"end":{"line":12,"column":17}},"loc":{"start":{"line":12,"column":36},"end":{"line":23,"column":1}},"line":12},"2":{"name":"(anonymous_2)","decl":{"start":{"line":26,"column":22},"end":{"line":26,"column":23}},"loc":{"start":{"line":26,"column":42},"end":{"line":29,"column":1}},"line":26}},"branchMap":{"0":{"loc":{"start":{"line":15,"column":2},"end":{"line":15,"column":43}},"type":"if","locations":[{"start":{"line":15,"column":2},"end":{"line":15,"column":43}},{"start":{},"end":{}}],"line":15},"1":{"loc":{"start":{"line":16,"column":2},"end":{"line":20,"column":3}},"type":"if","locations":[{"start":{"line":16,"column":2},"end":{"line":20,"column":3}},{"start":{},"end":{}}],"line":16},"2":{"loc":{"start":{"line":16,"column":6},"end":{"line":16,"column":26}},"type":"binary-expr","locations":[{"start":{"line":16,"column":6},"end":{"line":16,"column":15}},{"start":{"line":16,"column":19},"end":{"line":16,"column":26}}],"line":16},"3":{"loc":{"start":{"line":18,"column":4},"end":{"line":18,"column":58}},"type":"if","locations":[{"start":{"line":18,"column":4},"end":{"line":18,"column":58}},{"start":{},"end":{}}],"line":18},"4":{"loc":{"start":{"line":19,"column":4},"end":{"line":19,"column":54}},"type":"if","locations":[{"start":{"line":19,"column":4},"end":{"line":19,"column":54}},{"start":{},"end":{}}],"line":19}},"s":{"0":1,"1":1,"2":1,"3":1,"4":1,"5":1,"6":1,"7":5,"8":5,"9":5,"10":1,"11":5,"12":3,"13":3,"14":2,"15":3,"16":2,"17":5,"18":5,"19":1,"20":1,"21":1,"22":1},"f":{"0":1,"1":5,"2":1},"b":{"0":[1,4],"1":[3,2],"2":[5,3],"3":[2,1],"4":[2,1]},"_coverageSchema":"1a1c01bbd47fc00a2c39e90264f33305004495a9","hash":"8e31a99b90c5b3b4a43eecbeee028b90687eb344"}
}
