TN:
SF:models\Expense.js
FNF:0
FNH:0
DA:1,3
DA:3,3
DA:10,3
LF:3
LH:3
BRF:0
BRH:0
end_of_record
TN:
SF:routes\expenseRoutes.js
FN:6,(anonymous_0)
FN:12,(anonymous_1)
FN:26,(anonymous_2)
FNF:3
FNH:3
FNDA:1,(anonymous_0)
FNDA:5,(anonymous_1)
FNDA:1,(anonymous_2)
DA:1,1
DA:2,1
DA:3,1
DA:6,1
DA:7,1
DA:8,1
DA:12,1
DA:13,5
DA:14,5
DA:15,5
DA:16,5
DA:17,3
DA:18,3
DA:19,3
DA:21,5
DA:22,5
DA:26,1
DA:27,1
DA:28,1
DA:31,1
LF:20
LH:20
BRDA:15,0,0,1
BRDA:15,0,1,4
BRDA:16,1,0,3
BRDA:16,1,1,2
BRDA:16,2,0,5
BRDA:16,2,1,3
BRDA:18,3,0,2
BRDA:18,3,1,1
BRDA:19,4,0,2
BRDA:19,4,1,1
BRF:10
BRH:10
end_of_record
